configs/kernel-3.6/system-config.xml