<!--
Config for robot self-test, checks availability of all devices on operating system level (does not test that they are
working properly, it tests only that runtime can interact with them).
-->

<config>
	<initScript>
	</initScript>

	<S1>
		<angularServomotor />
	</S1>
	<S2>
		<angularServomotor />
	</S2>
	<S3>
		<angularServomotor  />
	</S3>
	<S4>
		<angularServomotor />
	</S4>
	<S5>
		<angularServomotor />
	</S5>
	<S6>
		<angularServomotor />
	</S6>

	<A1>
		<sharpGP2Sensor />
	</A1>
	<A2>
		<sharpGP2Sensor />
	</A2>
	<A3>
		<sharpGP2Sensor />
	</A3>
	<A4>
		<sharpGP2Sensor />
	</A4>
	<A5>
		<sharpGP2Sensor />
	</A5>
	<A6>
		<sharpGP2Sensor />
	</A6>

	<D1>
		<rangeSensor />
	</D1>
	<D2>
		<rangeSensor />
	</D2>
	<!--
	<F1>
		<volumeSensor />
	</F1>
	-->

	<!-- Encoder ports. -->
	<E1>
		<encoder95 />
	</E1>
	<E2>
		<encoder95 />
	</E2>
	<E3>
		<encoder95 />
	</E3>
	<E4>
		<encoder95 />
	</E4>

	<!-- Power motor ports. -->
	<M1>
		<powerMotor />
	</M1>
	<M2>
		<powerMotor />
	</M2>
	<M3>
		<powerMotor />
	</M3>
	<M4>
		<powerMotor />
	</M4>

	<!-- Video sensor ports. -->
	<!--
	<video0>
		<lineSensor />
	</video0>

	<video1>
		<colorSensor3x3 />
	</video1>
	-->

	<video2>
		<camera type="file" src="./" filters="*.jpg,*.png"/>
	</video2>

	<!-- On-board sensors. -->
	<!-- If model is not using those, they can be turned off to save system resources, by deleting them or
		 commenting them out. -->
	<accelerometer />
	<gyroscope />

	<!-- Optional modules -->
	<gamepad />
	<mailbox />
</config>
